<?xml version="1.0" encoding="UTF-8"?>
<!-- Generated by org.testng.reporters.JUnitReportReporter -->
<testsuite hostname="DESKTOP-C83HSKL" failures="0" tests="2" name="LearningAutomation.SeleniumWithFramework.SubmitOrder" time="57.847" errors="0" timestamp="2024-05-06T19:02:08 IST" skipped="0">
  <testcase classname="LearningAutomation.SeleniumWithFramework.SubmitOrder" name="submitOrder" time="27.606"/>
  <testcase classname="LearningAutomation.SeleniumWithFramework.SubmitOrder" name="submitOrder" time="30.241"/>
</testsuite> <!-- LearningAutomation.SeleniumWithFramework.SubmitOrder -->
