<?xml version="1.0" encoding="UTF-8"?>
<!-- Generated by org.testng.reporters.JUnitReportReporter -->
<testsuite hostname="DESKTOP-C83HSKL" failures="0" tests="2" name="LearningAutomation.SeleniumWithFramework.SubmitOrder" time="57.288" errors="0" timestamp="2024-05-03T19:13:25 IST" skipped="0">
  <testcase classname="LearningAutomation.SeleniumWithFramework.SubmitOrder" name="submitOrder" time="25.266"/>
  <testcase classname="LearningAutomation.SeleniumWithFramework.SubmitOrder" name="submitOrder" time="32.022"/>
</testsuite> <!-- LearningAutomation.SeleniumWithFramework.SubmitOrder -->
